[I 2022-05-30 10:18:32.667 LabApp] JupyterLab extension loaded from /home/rrgoyal/anaconda3/lib/python3.9/site-packages/jupyterlab
[I 2022-05-30 10:18:32.667 LabApp] JupyterLab application directory is /home/rrgoyal/anaconda3/share/jupyter/lab
[I 10:18:32.671 NotebookApp] Serving notebooks from local directory: /home/rrgoyal/Ram/Sem_III/Machine Learning/A2
[I 10:18:32.671 NotebookApp] Jupyter Notebook 6.4.8 is running at:
[I 10:18:32.671 NotebookApp] http://localhost:8888/?token=bcadc72508cca821abad63a4dc1f55302b37150d178a68bf
[I 10:18:32.671 NotebookApp]  or http://127.0.0.1:8888/?token=bcadc72508cca821abad63a4dc1f55302b37150d178a68bf
[I 10:18:32.671 NotebookApp] Use Control-C to stop this server and shut down all kernels (twice to skip confirmation).
[C 10:18:32.722 NotebookApp] 
    
    To access the notebook, open this file in a browser:
        file:///home/rrgoyal/.local/share/jupyter/runtime/nbserver-6803-open.html
    Or copy and paste one of these URLs:
        http://localhost:8888/?token=bcadc72508cca821abad63a4dc1f55302b37150d178a68bf
     or http://127.0.0.1:8888/?token=bcadc72508cca821abad63a4dc1f55302b37150d178a68bf
[W 10:18:40.523 NotebookApp] Notebook s3853868.ipynb is not trusted
[I 10:18:42.705 NotebookApp] Kernel started: 84c2e136-4d09-4858-a5ad-3fc8358e3f75, name: python3
[I 10:20:42.961 NotebookApp] Saving file at /s3853868.ipynb
[W 10:20:42.962 NotebookApp] Notebook s3853868.ipynb is not trusted
[I 10:24:54.342 NotebookApp] Saving file at /s3853868.ipynb
[W 10:24:54.343 NotebookApp] Notebook s3853868.ipynb is not trusted
[I 10:25:07.107 NotebookApp] Saving file at /s3853868.ipynb
[W 10:25:07.107 NotebookApp] Notebook s3853868.ipynb is not trusted
[I 10:25:10.784 NotebookApp] Saving file at /s3853868.ipynb
[W 10:25:10.785 NotebookApp] Notebook s3853868.ipynb is not trusted
[I 10:28:40.136 NotebookApp] Starting buffering for 84c2e136-4d09-4858-a5ad-3fc8358e3f75:2944742066084a0b8cf9894312e18bdc
[I 10:28:40.362 NotebookApp] Kernel restarted: 84c2e136-4d09-4858-a5ad-3fc8358e3f75
[I 10:28:40.385 NotebookApp] Restoring connection for 84c2e136-4d09-4858-a5ad-3fc8358e3f75:2944742066084a0b8cf9894312e18bdc
[I 10:28:41.036 NotebookApp] Replaying 3 buffered messages
[I 10:28:42.703 NotebookApp] Saving file at /s3853868.ipynb
[I 10:30:42.965 NotebookApp] Saving file at /s3853868.ipynb
[I 10:32:43.087 NotebookApp] Saving file at /s3853868.ipynb
[I 10:34:43.120 NotebookApp] Saving file at /s3853868.ipynb
[I 10:42:43.027 NotebookApp] Saving file at /s3853868.ipynb
[I 10:43:45.358 NotebookApp] Saving file at /s3853868.ipynb
[I 10:43:55.997 NotebookApp] Saving file at /s3853868.ipynb
[I 10:44:43.035 NotebookApp] Saving file at /s3853868.ipynb
[I 10:45:24.719 NotebookApp] Saving file at /s3853868.ipynb
[I 10:45:32.420 NotebookApp] Saving file at /s3853868.ipynb
[I 10:45:33.872 NotebookApp] Saving file at /s3853868.ipynb
[I 10:45:50.368 NotebookApp] Saving file at /s3853868.ipynb
[I 10:46:22.313 NotebookApp] Saving file at /s3853868.ipynb
[I 10:46:31.797 NotebookApp] Saving file at /s3853868.ipynb
[I 10:46:43.035 NotebookApp] Saving file at /s3853868.ipynb
[I 10:46:47.979 NotebookApp] Saving file at /s3853868.ipynb
[I 10:46:52.050 NotebookApp] Saving file at /s3853868.ipynb
[I 10:47:02.880 NotebookApp] Saving file at /s3853868.ipynb
[I 10:47:11.245 NotebookApp] Saving file at /s3853868.ipynb
[I 10:47:17.189 NotebookApp] Saving file at /s3853868.ipynb
[I 10:47:52.253 NotebookApp] Saving file at /s3853868.ipynb
[I 10:48:01.461 NotebookApp] Saving file at /s3853868.ipynb
[I 10:48:19.098 NotebookApp] Saving file at /s3853868.ipynb
[I 10:48:21.937 NotebookApp] Saving file at /s3853868.ipynb
[I 10:48:30.127 NotebookApp] Saving file at /s3853868.ipynb
[I 10:48:32.110 NotebookApp] Saving file at /s3853868.ipynb
[I 10:48:40.508 NotebookApp] Saving file at /s3853868.ipynb
[I 10:48:41.765 NotebookApp] Saving file at /s3853868.ipynb
[I 10:48:49.006 NotebookApp] Saving file at /s3853868.ipynb
[I 10:48:50.205 NotebookApp] Saving file at /s3853868.ipynb
[I 10:49:00.462 NotebookApp] Saving file at /s3853868.ipynb
[I 10:49:02.268 NotebookApp] Saving file at /s3853868.ipynb
[I 10:49:10.621 NotebookApp] Saving file at /s3853868.ipynb
[I 10:49:15.209 NotebookApp] Saving file at /s3853868.ipynb
[I 10:49:21.723 NotebookApp] Saving file at /s3853868.ipynb
[I 10:49:23.213 NotebookApp] Saving file at /s3853868.ipynb
[I 10:49:25.327 NotebookApp] Saving file at /s3853868.ipynb
[I 10:49:27.040 NotebookApp] Saving file at /s3853868.ipynb
[I 10:49:30.555 NotebookApp] Saving file at /s3853868.ipynb
[I 10:49:34.195 NotebookApp] Saving file at /s3853868.ipynb
[I 10:49:41.689 NotebookApp] Saving file at /s3853868.ipynb
[I 10:49:47.590 NotebookApp] Saving file at /s3853868.ipynb
[I 10:49:51.619 NotebookApp] Saving file at /s3853868.ipynb
[I 10:49:55.561 NotebookApp] Saving file at /s3853868.ipynb
[I 10:49:56.417 NotebookApp] Saving file at /s3853868.ipynb
[I 10:50:04.519 NotebookApp] Saving file at /s3853868.ipynb
[I 10:50:14.982 NotebookApp] Saving file at /s3853868.ipynb
[I 10:50:28.414 NotebookApp] Saving file at /s3853868.ipynb
[I 10:50:29.948 NotebookApp] Saving file at /s3853868.ipynb
[I 10:50:42.971 NotebookApp] Saving file at /s3853868.ipynb
[I 10:53:12.099 NotebookApp] Saving file at /s3853868.ipynb
[I 10:53:14.561 NotebookApp] Saving file at /s3853868.ipynb
[I 10:53:17.252 NotebookApp] Saving file at /s3853868.ipynb
[I 10:53:24.778 NotebookApp] Saving file at /s3853868.ipynb
[I 10:54:02.014 NotebookApp] Saving file at /s3853868.ipynb
[I 10:54:04.130 NotebookApp] Saving file at /s3853868.ipynb
[I 10:54:07.492 NotebookApp] Saving file at /s3853868.ipynb
[I 10:54:09.915 NotebookApp] Saving file at /s3853868.ipynb
[I 10:54:15.776 NotebookApp] Saving file at /s3853868.ipynb
[I 10:54:23.433 NotebookApp] Saving file at /s3853868.ipynb
[I 10:54:43.219 NotebookApp] Saving file at /s3853868.ipynb
[I 10:55:16.733 NotebookApp] Saving file at /s3853868.ipynb
[I 10:55:26.281 NotebookApp] Saving file at /s3853868.ipynb
[I 10:55:51.678 NotebookApp] Saving file at /s3853868.ipynb
[I 10:55:52.749 NotebookApp] Saving file at /s3853868.ipynb
[I 10:56:11.663 NotebookApp] Saving file at /s3853868.ipynb
[I 10:56:12.904 NotebookApp] Saving file at /s3853868.ipynb
[I 10:56:16.311 NotebookApp] Saving file at /s3853868.ipynb
[I 10:56:17.317 NotebookApp] Saving file at /s3853868.ipynb
[I 10:56:22.770 NotebookApp] Saving file at /s3853868.ipynb
[I 10:56:43.076 NotebookApp] Saving file at /s3853868.ipynb
[I 10:57:37.883 NotebookApp] Saving file at /s3853868.ipynb
[I 10:57:42.176 NotebookApp] Saving file at /s3853868.ipynb
[I 10:57:44.964 NotebookApp] Saving file at /s3853868.ipynb
[I 10:57:52.739 NotebookApp] Saving file at /s3853868.ipynb
[I 10:58:00.385 NotebookApp] Saving file at /s3853868.ipynb
[I 10:58:08.588 NotebookApp] Saving file at /s3853868.ipynb
[I 10:58:43.166 NotebookApp] Saving file at /s3853868.ipynb
[I 10:58:51.009 NotebookApp] Saving file at /s3853868.ipynb
[I 10:58:53.405 NotebookApp] Saving file at /s3853868.ipynb
[I 10:59:04.664 NotebookApp] Saving file at /s3853868.ipynb
[I 10:59:08.895 NotebookApp] Saving file at /s3853868.ipynb
[I 10:59:10.645 NotebookApp] Saving file at /s3853868.ipynb
[I 10:59:12.712 NotebookApp] Saving file at /s3853868.ipynb
[I 10:59:13.843 NotebookApp] Saving file at /s3853868.ipynb
[I 10:59:15.285 NotebookApp] Saving file at /s3853868.ipynb
[I 10:59:18.218 NotebookApp] Saving file at /s3853868.ipynb
[I 10:59:25.952 NotebookApp] Saving file at /s3853868.ipynb
[I 10:59:32.913 NotebookApp] Saving file at /s3853868.ipynb
[I 10:59:36.488 NotebookApp] Saving file at /s3853868.ipynb
[I 10:59:38.075 NotebookApp] Saving file at /s3853868.ipynb
[I 10:59:41.433 NotebookApp] Saving file at /s3853868.ipynb
[I 10:59:43.551 NotebookApp] Saving file at /s3853868.ipynb
[I 10:59:53.969 NotebookApp] Saving file at /s3853868.ipynb
[I 11:00:04.561 NotebookApp] Saving file at /s3853868.ipynb
[I 11:00:21.442 NotebookApp] Saving file at /s3853868.ipynb
[I 11:00:30.521 NotebookApp] Saving file at /s3853868.ipynb
[I 11:00:32.174 NotebookApp] Saving file at /s3853868.ipynb
[I 11:00:34.465 NotebookApp] Saving file at /s3853868.ipynb
[I 11:00:41.528 NotebookApp] Saving file at /s3853868.ipynb
[I 11:00:42.905 NotebookApp] Saving file at /s3853868.ipynb
[I 11:00:46.027 NotebookApp] Saving file at /s3853868.ipynb
[I 11:01:28.944 NotebookApp] Saving file at /s3853868.ipynb
[I 11:02:18.624 NotebookApp] Saving file at /s3853868.ipynb
[I 11:02:36.826 NotebookApp] Saving file at /s3853868.ipynb
[I 11:02:58.306 NotebookApp] Saving file at /s3853868.ipynb
[I 11:03:05.614 NotebookApp] Saving file at /s3853868.ipynb
[I 11:03:09.871 NotebookApp] Saving file at /s3853868.ipynb
[I 11:03:20.698 NotebookApp] Saving file at /s3853868.ipynb
[I 11:03:21.900 NotebookApp] Saving file at /s3853868.ipynb
[I 11:03:41.653 NotebookApp] Saving file at /s3853868.ipynb
[I 11:03:51.423 NotebookApp] Saving file at /s3853868.ipynb
[I 11:03:58.415 NotebookApp] KernelRestarter: restarting kernel (1/5), keep random ports
kernel 84c2e136-4d09-4858-a5ad-3fc8358e3f75 restarted
[I 11:04:43.041 NotebookApp] Saving file at /s3853868.ipynb
[I 11:05:24.276 NotebookApp] Saving file at /s3853868.ipynb
[I 11:05:35.758 NotebookApp] Saving file at /s3853868.ipynb
[I 11:05:37.726 NotebookApp] Starting buffering for 84c2e136-4d09-4858-a5ad-3fc8358e3f75:2944742066084a0b8cf9894312e18bdc
[I 11:05:38.036 NotebookApp] Kernel restarted: 84c2e136-4d09-4858-a5ad-3fc8358e3f75
[I 11:05:38.058 NotebookApp] Restoring connection for 84c2e136-4d09-4858-a5ad-3fc8358e3f75:2944742066084a0b8cf9894312e18bdc
[I 11:05:38.547 NotebookApp] Replaying 3 buffered messages
[I 11:06:43.429 NotebookApp] Saving file at /s3853868.ipynb
[I 11:08:25.413 NotebookApp] Kernel interrupted: 84c2e136-4d09-4858-a5ad-3fc8358e3f75
[I 11:08:29.707 NotebookApp] Saving file at /s3853868.ipynb
[I 11:08:43.366 NotebookApp] Saving file at /s3853868.ipynb
[I 11:08:49.610 NotebookApp] Kernel interrupted: 84c2e136-4d09-4858-a5ad-3fc8358e3f75
[I 11:09:02.107 NotebookApp] Kernel interrupted: 84c2e136-4d09-4858-a5ad-3fc8358e3f75
[I 11:09:04.242 NotebookApp] Kernel interrupted: 84c2e136-4d09-4858-a5ad-3fc8358e3f75
[I 11:09:43.777 NotebookApp] Kernel interrupted: 84c2e136-4d09-4858-a5ad-3fc8358e3f75
[I 11:09:51.327 NotebookApp] Saving file at /s3853868.ipynb
[I 11:10:42.884 NotebookApp] Saving file at /s3853868.ipynb
[I 11:16:18.323 NotebookApp] Starting buffering for 84c2e136-4d09-4858-a5ad-3fc8358e3f75:2944742066084a0b8cf9894312e18bdc
[W 11:16:18.800 NotebookApp] Notebook s3853868.ipynb is not trusted
[I 11:16:42.547 NotebookApp] Starting buffering for 84c2e136-4d09-4858-a5ad-3fc8358e3f75:2a215b3818224b9a8945ec7dd2c81650
[I 11:16:43.067 NotebookApp] Kernel restarted: 84c2e136-4d09-4858-a5ad-3fc8358e3f75
[I 11:16:43.078 NotebookApp] Restoring connection for 84c2e136-4d09-4858-a5ad-3fc8358e3f75:2a215b3818224b9a8945ec7dd2c81650
[I 11:16:43.673 NotebookApp] Replaying 3 buffered messages
[I 11:18:20.992 NotebookApp] Saving file at /s3853868.ipynb
[I 11:35:44.253 NotebookApp] Saving file at /s3853868.ipynb
[I 11:36:20.044 NotebookApp] Saving file at /s3853868.ipynb
[I 11:38:03.651 NotebookApp] Saving file at /s3853868.ipynb
[I 11:38:14.687 NotebookApp] Saving file at /s3853868.ipynb
[I 11:38:15.630 NotebookApp] Saving file at /s3853868.ipynb
[I 11:38:16.854 NotebookApp] Saving file at /s3853868.ipynb
[I 11:38:18.639 NotebookApp] Starting buffering for 84c2e136-4d09-4858-a5ad-3fc8358e3f75:2a215b3818224b9a8945ec7dd2c81650
[I 11:39:11.743 NotebookApp] 302 GET / (127.0.0.1) 1.200000ms
[W 11:39:14.419 NotebookApp] Notebook s3853868.ipynb is not trusted
[I 11:39:21.793 NotebookApp] Starting buffering for 84c2e136-4d09-4858-a5ad-3fc8358e3f75:96c2ec079ffd40f79a5f48098bbe17ee
[I 11:39:22.308 NotebookApp] Kernel restarted: 84c2e136-4d09-4858-a5ad-3fc8358e3f75
[I 11:39:22.318 NotebookApp] Restoring connection for 84c2e136-4d09-4858-a5ad-3fc8358e3f75:96c2ec079ffd40f79a5f48098bbe17ee
[I 11:39:22.879 NotebookApp] Replaying 3 buffered messages
[I 11:41:15.742 NotebookApp] Saving file at /s3853868.ipynb
[I 11:45:15.775 NotebookApp] Saving file at /s3853868.ipynb
[I 11:49:15.769 NotebookApp] Saving file at /s3853868.ipynb
[I 11:49:22.254 NotebookApp] Saving file at /s3853868.ipynb
2022-05-30 11:49:25.862989: I tensorflow/compiler/jit/xla_cpu_device.cc:41] Not creating XLA devices, tf_xla_enable_xla_devices not set
2022-05-30 11:49:25.863146: I tensorflow/core/platform/cpu_feature_guard.cc:142] This TensorFlow binary is optimized with oneAPI Deep Neural Network Library (oneDNN) to use the following CPU instructions in performance-critical operations:  SSE4.1 SSE4.2 AVX AVX2 FMA
To enable them in other operations, rebuild TensorFlow with the appropriate compiler flags.
2022-05-30 11:49:25.863936: I tensorflow/core/common_runtime/process_util.cc:146] Creating new thread pool with default inter op setting: 2. Tune using inter_op_parallelism_threads for best performance.
[I 11:51:09.887 NotebookApp] Saving file at /s3853868.ipynb
[I 11:53:15.787 NotebookApp] Saving file at /s3853868.ipynb
[I 11:53:40.288 NotebookApp] Saving file at /s3853868.ipynb
[I 11:55:15.737 NotebookApp] Saving file at /s3853868.ipynb
[I 11:55:20.095 NotebookApp] Saving file at /s3853868.ipynb
[I 11:55:48.872 NotebookApp] Saving file at /s3853868.ipynb
[I 11:55:56.024 NotebookApp] Saving file at /s3853868.ipynb
[I 11:56:14.663 NotebookApp] Saving file at /s3853868.ipynb
[I 11:56:34.889 NotebookApp] Saving file at /s3853868.ipynb
[I 11:56:36.202 NotebookApp] Saving file at /s3853868.ipynb
[I 11:56:39.659 NotebookApp] Saving file at /s3853868.ipynb
[I 11:56:51.737 NotebookApp] Saving file at /s3853868.ipynb
[I 11:56:55.065 NotebookApp] Saving file at /s3853868.ipynb
[I 11:57:00.189 NotebookApp] Saving file at /s3853868.ipynb
[I 11:57:03.897 NotebookApp] Saving file at /s3853868.ipynb
[I 11:57:10.949 NotebookApp] Saving file at /s3853868.ipynb
[I 11:57:15.731 NotebookApp] Saving file at /s3853868.ipynb
[I 11:57:18.816 NotebookApp] Saving file at /s3853868.ipynb
[I 11:57:29.486 NotebookApp] Saving file at /s3853868.ipynb
2022-05-30 11:57:30.602610: I tensorflow/compiler/mlir/mlir_graph_optimization_pass.cc:116] None of the MLIR optimization passes are enabled (registered 2)
2022-05-30 11:57:30.619242: I tensorflow/core/platform/profile_utils/cpu_utils.cc:112] CPU Frequency: 2199995000 Hz
[I 11:59:15.735 NotebookApp] Saving file at /s3853868.ipynb
[I 12:07:30.545 NotebookApp] Saving file at /s3853868.ipynb
[I 12:09:16.207 NotebookApp] Saving file at /s3853868.ipynb
[I 12:11:16.017 NotebookApp] Saving file at /s3853868.ipynb
[I 12:13:01.346 NotebookApp] Saving file at /s3853868.ipynb
[I 12:13:04.878 NotebookApp] Saving file at /s3853868.ipynb
[I 12:13:15.740 NotebookApp] Saving file at /s3853868.ipynb
[I 12:13:27.347 NotebookApp] Saving file at /s3853868.ipynb
[I 12:14:21.973 NotebookApp] Saving file at /s3853868.ipynb
[I 12:14:31.178 NotebookApp] Saving file at /s3853868.ipynb
[I 12:14:39.528 NotebookApp] Saving file at /s3853868.ipynb
[I 12:14:43.489 NotebookApp] Saving file at /s3853868.ipynb
[I 12:15:15.785 NotebookApp] Saving file at /s3853868.ipynb
[I 12:15:37.421 NotebookApp] Saving file at /s3853868.ipynb
[I 12:15:56.265 NotebookApp] Saving file at /s3853868.ipynb
[I 12:16:58.595 NotebookApp] Saving file at /s3853868.ipynb
[I 12:17:04.130 NotebookApp] Saving file at /s3853868.ipynb
[I 12:17:15.997 NotebookApp] Saving file at /s3853868.ipynb
[I 12:17:48.646 NotebookApp] Saving file at /s3853868.ipynb
[I 12:17:53.213 NotebookApp] Saving file at /s3853868.ipynb
[I 12:18:01.507 NotebookApp] Saving file at /s3853868.ipynb
[I 12:18:03.474 NotebookApp] Saving file at /s3853868.ipynb
[I 12:18:18.107 NotebookApp] Saving file at /s3853868.ipynb
[I 12:19:15.914 NotebookApp] Saving file at /s3853868.ipynb
[I 12:22:28.685 NotebookApp] Saving file at /s3853868.ipynb
[I 12:22:43.578 NotebookApp] Saving file at /s3853868.ipynb
[I 12:22:51.235 NotebookApp] Saving file at /s3853868.ipynb
[I 12:22:53.331 NotebookApp] Saving file at /s3853868.ipynb
[I 12:22:55.161 NotebookApp] Saving file at /s3853868.ipynb
[I 12:23:11.674 NotebookApp] Saving file at /s3853868.ipynb
[I 12:23:15.858 NotebookApp] Saving file at /s3853868.ipynb
[I 12:24:09.360 NotebookApp] Saving file at /s3853868.ipynb
[I 12:25:15.953 NotebookApp] Saving file at /s3853868.ipynb
[I 12:27:15.957 NotebookApp] Saving file at /s3853868.ipynb
[I 12:27:31.187 NotebookApp] Saving file at /s3853868.ipynb
[I 12:27:32.713 NotebookApp] Saving file at /s3853868.ipynb
[I 12:29:03.512 NotebookApp] Saving file at /s3853868.ipynb
[I 12:29:15.949 NotebookApp] Saving file at /s3853868.ipynb
[I 12:30:28.201 NotebookApp] Saving file at /s3853868.ipynb
[I 12:31:16.019 NotebookApp] Saving file at /s3853868.ipynb
[I 12:31:33.073 NotebookApp] Saving file at /s3853868.ipynb
[I 12:32:21.399 NotebookApp] Saving file at /s3853868.ipynb
[I 12:33:15.762 NotebookApp] Saving file at /s3853868.ipynb
[I 12:33:20.219 NotebookApp] Saving file at /s3853868.ipynb
[I 12:35:15.922 NotebookApp] Saving file at /s3853868.ipynb
[I 12:37:04.536 NotebookApp] Starting buffering for 84c2e136-4d09-4858-a5ad-3fc8358e3f75:96c2ec079ffd40f79a5f48098bbe17ee
